Start testing: May 30 02:29 MSK
----------------------------------------------------------
1/1 Testing: check
1/1 Test: check
Command: "/home/v6854384/reports/lab06/projects/lab06/_build/check" "-s" "-r" "compact" "--use-colour" "yes"
Directory: /home/v6854384/reports/lab06/projects/lab06/_build
"check" start time: May 30 02:29 MSK
Output:
----------------------------------------------------------
[0;37m/home/v6854384/reports/lab06/projects/lab06/tests/test1.cpp:15:[0m[1;32m passed[0m: result == text[0;37m for: [0m"hello" == "hello"
[1;32mPassed 1 test case with 1 assertion.[0m

<end of output>
Test time =   0.01 sec
----------------------------------------------------------
Test Passed.
"check" end time: May 30 02:29 MSK
"check" time elapsed: 00:00:00
----------------------------------------------------------

End testing: May 30 02:29 MSK
